<?xml version="1.0" encoding="UTF-8"?>
<!-- Generated by org.testng.reporters.JUnitXMLReporter -->
<testsuite ignored="0" hostname="Fransons-Laptop.local" failures="15" tests="15" name="Data-Driven Authentication Tests" time="0.066" errors="0" timestamp="2025-12-25T05:19:25 GMT">
  <testcase classname="testCases.TC_Auth_003_LoginDDT" name="TC_Auth_DDT_001_LoginWithMultipleCredentials" time="0.0">
    <failure type="java.lang.RuntimeException" message="java.lang.NullPointerException: Cannot invoke &amp;quot;org.apache.poi.xssf.usermodel.XSSFWorkbook.getSheet(String)&amp;quot; because &amp;quot;this.workbook&amp;quot; is null">
      <![CDATA[java.lang.RuntimeException: java.lang.NullPointerException: Cannot invoke "org.apache.poi.xssf.usermodel.XSSFWorkbook.getSheet(String)" because "this.workbook" is null
at java.base/java.util.ArrayList.forEach(ArrayList.java:1604)
Caused by: java.lang.NullPointerException: Cannot invoke "org.apache.poi.xssf.usermodel.XSSFWorkbook.getSheet(String)" because "this.workbook" is null
at utilities.ExcelUtility.getRowCount(ExcelUtility.java:112)
at utilities.DataProviders.getLoginData(DataProviders.java:93)
... 29 more
... Removed 34 stack frames]]>
    </failure>
  </testcase> <!-- TC_Auth_DDT_001_LoginWithMultipleCredentials -->
  <testcase classname="testCases.TC_Auth_003_LoginDDT" name="TC_Auth_DDT_002_PasswordValidation" time="0.013">
    <failure type="java.lang.NullPointerException" message="Cannot invoke &amp;quot;org.apache.logging.log4j.Logger.info(String)&amp;quot; because &amp;quot;this.logger&amp;quot; is null">
      <![CDATA[java.lang.NullPointerException: Cannot invoke "org.apache.logging.log4j.Logger.info(String)" because "this.logger" is null
at testCases.TC_Auth_003_LoginDDT.TC_Auth_DDT_002_PasswordValidation(TC_Auth_003_LoginDDT.java:183)
at java.base/java.util.ArrayList.forEach(ArrayList.java:1604)
... Removed 29 stack frames]]>
    </failure>
  </testcase> <!-- TC_Auth_DDT_002_PasswordValidation -->
  <testcase classname="testCases.TC_Auth_003_LoginDDT" name="TC_Auth_DDT_002_PasswordValidation" time="0.0">
    <failure type="java.lang.NullPointerException" message="Cannot invoke &amp;quot;org.apache.logging.log4j.Logger.info(String)&amp;quot; because &amp;quot;this.logger&amp;quot; is null">
      <![CDATA[java.lang.NullPointerException: Cannot invoke "org.apache.logging.log4j.Logger.info(String)" because "this.logger" is null
at testCases.TC_Auth_003_LoginDDT.TC_Auth_DDT_002_PasswordValidation(TC_Auth_003_LoginDDT.java:183)
at java.base/java.util.ArrayList.forEach(ArrayList.java:1604)
... Removed 29 stack frames]]>
    </failure>
  </testcase> <!-- TC_Auth_DDT_002_PasswordValidation -->
  <testcase classname="testCases.TC_Auth_003_LoginDDT" name="TC_Auth_DDT_002_PasswordValidation" time="0.0">
    <failure type="java.lang.NullPointerException" message="Cannot invoke &amp;quot;org.apache.logging.log4j.Logger.info(String)&amp;quot; because &amp;quot;this.logger&amp;quot; is null">
      <![CDATA[java.lang.NullPointerException: Cannot invoke "org.apache.logging.log4j.Logger.info(String)" because "this.logger" is null
at testCases.TC_Auth_003_LoginDDT.TC_Auth_DDT_002_PasswordValidation(TC_Auth_003_LoginDDT.java:183)
at java.base/java.util.ArrayList.forEach(ArrayList.java:1604)
... Removed 29 stack frames]]>
    </failure>
  </testcase> <!-- TC_Auth_DDT_002_PasswordValidation -->
  <testcase classname="testCases.TC_Auth_003_LoginDDT" name="TC_Auth_DDT_002_PasswordValidation" time="0.001">
    <failure type="java.lang.NullPointerException" message="Cannot invoke &amp;quot;org.apache.logging.log4j.Logger.info(String)&amp;quot; because &amp;quot;this.logger&amp;quot; is null">
      <![CDATA[java.lang.NullPointerException: Cannot invoke "org.apache.logging.log4j.Logger.info(String)" because "this.logger" is null
at testCases.TC_Auth_003_LoginDDT.TC_Auth_DDT_002_PasswordValidation(TC_Auth_003_LoginDDT.java:183)
at java.base/java.util.ArrayList.forEach(ArrayList.java:1604)
... Removed 29 stack frames]]>
    </failure>
  </testcase> <!-- TC_Auth_DDT_002_PasswordValidation -->
  <testcase classname="testCases.TC_Auth_003_LoginDDT" name="TC_Auth_DDT_002_PasswordValidation" time="0.001">
    <failure type="java.lang.NullPointerException" message="Cannot invoke &amp;quot;org.apache.logging.log4j.Logger.info(String)&amp;quot; because &amp;quot;this.logger&amp;quot; is null">
      <![CDATA[java.lang.NullPointerException: Cannot invoke "org.apache.logging.log4j.Logger.info(String)" because "this.logger" is null
at testCases.TC_Auth_003_LoginDDT.TC_Auth_DDT_002_PasswordValidation(TC_Auth_003_LoginDDT.java:183)
at java.base/java.util.ArrayList.forEach(ArrayList.java:1604)
... Removed 29 stack frames]]>
    </failure>
  </testcase> <!-- TC_Auth_DDT_002_PasswordValidation -->
  <testcase classname="testCases.TC_Auth_003_LoginDDT" name="TC_Auth_DDT_002_PasswordValidation" time="0.0">
    <failure type="java.lang.NullPointerException" message="Cannot invoke &amp;quot;org.apache.logging.log4j.Logger.info(String)&amp;quot; because &amp;quot;this.logger&amp;quot; is null">
      <![CDATA[java.lang.NullPointerException: Cannot invoke "org.apache.logging.log4j.Logger.info(String)" because "this.logger" is null
at testCases.TC_Auth_003_LoginDDT.TC_Auth_DDT_002_PasswordValidation(TC_Auth_003_LoginDDT.java:183)
at java.base/java.util.ArrayList.forEach(ArrayList.java:1604)
... Removed 29 stack frames]]>
    </failure>
  </testcase> <!-- TC_Auth_DDT_002_PasswordValidation -->
  <testcase classname="testCases.TC_Auth_003_LoginDDT" name="TC_Auth_DDT_003_EmailValidation" time="0.001">
    <failure type="java.lang.NullPointerException" message="Cannot invoke &amp;quot;org.apache.logging.log4j.Logger.info(String)&amp;quot; because &amp;quot;this.logger&amp;quot; is null">
      <![CDATA[java.lang.NullPointerException: Cannot invoke "org.apache.logging.log4j.Logger.info(String)" because "this.logger" is null
at testCases.TC_Auth_003_LoginDDT.TC_Auth_DDT_003_EmailValidation(TC_Auth_003_LoginDDT.java:255)
at java.base/java.util.ArrayList.forEach(ArrayList.java:1604)
... Removed 29 stack frames]]>
    </failure>
  </testcase> <!-- TC_Auth_DDT_003_EmailValidation -->
  <testcase classname="testCases.TC_Auth_003_LoginDDT" name="TC_Auth_DDT_003_EmailValidation" time="0.001">
    <failure type="java.lang.NullPointerException" message="Cannot invoke &amp;quot;org.apache.logging.log4j.Logger.info(String)&amp;quot; because &amp;quot;this.logger&amp;quot; is null">
      <![CDATA[java.lang.NullPointerException: Cannot invoke "org.apache.logging.log4j.Logger.info(String)" because "this.logger" is null
at testCases.TC_Auth_003_LoginDDT.TC_Auth_DDT_003_EmailValidation(TC_Auth_003_LoginDDT.java:255)
at java.base/java.util.ArrayList.forEach(ArrayList.java:1604)
... Removed 29 stack frames]]>
    </failure>
  </testcase> <!-- TC_Auth_DDT_003_EmailValidation -->
  <testcase classname="testCases.TC_Auth_003_LoginDDT" name="TC_Auth_DDT_003_EmailValidation" time="0.0">
    <failure type="java.lang.NullPointerException" message="Cannot invoke &amp;quot;org.apache.logging.log4j.Logger.info(String)&amp;quot; because &amp;quot;this.logger&amp;quot; is null">
      <![CDATA[java.lang.NullPointerException: Cannot invoke "org.apache.logging.log4j.Logger.info(String)" because "this.logger" is null
at testCases.TC_Auth_003_LoginDDT.TC_Auth_DDT_003_EmailValidation(TC_Auth_003_LoginDDT.java:255)
at java.base/java.util.ArrayList.forEach(ArrayList.java:1604)
... Removed 29 stack frames]]>
    </failure>
  </testcase> <!-- TC_Auth_DDT_003_EmailValidation -->
  <testcase classname="testCases.TC_Auth_003_LoginDDT" name="TC_Auth_DDT_003_EmailValidation" time="0.0">
    <failure type="java.lang.NullPointerException" message="Cannot invoke &amp;quot;org.apache.logging.log4j.Logger.info(String)&amp;quot; because &amp;quot;this.logger&amp;quot; is null">
      <![CDATA[java.lang.NullPointerException: Cannot invoke "org.apache.logging.log4j.Logger.info(String)" because "this.logger" is null
at testCases.TC_Auth_003_LoginDDT.TC_Auth_DDT_003_EmailValidation(TC_Auth_003_LoginDDT.java:255)
at java.base/java.util.ArrayList.forEach(ArrayList.java:1604)
... Removed 29 stack frames]]>
    </failure>
  </testcase> <!-- TC_Auth_DDT_003_EmailValidation -->
  <testcase classname="testCases.TC_Auth_003_LoginDDT" name="TC_Auth_DDT_003_EmailValidation" time="0.0">
    <failure type="java.lang.NullPointerException" message="Cannot invoke &amp;quot;org.apache.logging.log4j.Logger.info(String)&amp;quot; because &amp;quot;this.logger&amp;quot; is null">
      <![CDATA[java.lang.NullPointerException: Cannot invoke "org.apache.logging.log4j.Logger.info(String)" because "this.logger" is null
at testCases.TC_Auth_003_LoginDDT.TC_Auth_DDT_003_EmailValidation(TC_Auth_003_LoginDDT.java:255)
at java.base/java.util.ArrayList.forEach(ArrayList.java:1604)
... Removed 29 stack frames]]>
    </failure>
  </testcase> <!-- TC_Auth_DDT_003_EmailValidation -->
  <testcase classname="testCases.TC_Auth_003_LoginDDT" name="TC_Auth_DDT_003_EmailValidation" time="0.001">
    <failure type="java.lang.NullPointerException" message="Cannot invoke &amp;quot;org.apache.logging.log4j.Logger.info(String)&amp;quot; because &amp;quot;this.logger&amp;quot; is null">
      <![CDATA[java.lang.NullPointerException: Cannot invoke "org.apache.logging.log4j.Logger.info(String)" because "this.logger" is null
at testCases.TC_Auth_003_LoginDDT.TC_Auth_DDT_003_EmailValidation(TC_Auth_003_LoginDDT.java:255)
at java.base/java.util.ArrayList.forEach(ArrayList.java:1604)
... Removed 29 stack frames]]>
    </failure>
  </testcase> <!-- TC_Auth_DDT_003_EmailValidation -->
  <testcase classname="testCases.TC_Auth_003_LoginDDT" name="TC_Auth_DDT_003_EmailValidation" time="0.0">
    <failure type="java.lang.NullPointerException" message="Cannot invoke &amp;quot;org.apache.logging.log4j.Logger.info(String)&amp;quot; because &amp;quot;this.logger&amp;quot; is null">
      <![CDATA[java.lang.NullPointerException: Cannot invoke "org.apache.logging.log4j.Logger.info(String)" because "this.logger" is null
at testCases.TC_Auth_003_LoginDDT.TC_Auth_DDT_003_EmailValidation(TC_Auth_003_LoginDDT.java:255)
at java.base/java.util.ArrayList.forEach(ArrayList.java:1604)
... Removed 29 stack frames]]>
    </failure>
  </testcase> <!-- TC_Auth_DDT_003_EmailValidation -->
  <testcase classname="testCases.TC_Auth_003_LoginDDT" name="TC_Auth_DDT_003_EmailValidation" time="0.0">
    <failure type="java.lang.NullPointerException" message="Cannot invoke &amp;quot;org.apache.logging.log4j.Logger.info(String)&amp;quot; because &amp;quot;this.logger&amp;quot; is null">
      <![CDATA[java.lang.NullPointerException: Cannot invoke "org.apache.logging.log4j.Logger.info(String)" because "this.logger" is null
at testCases.TC_Auth_003_LoginDDT.TC_Auth_DDT_003_EmailValidation(TC_Auth_003_LoginDDT.java:255)
at java.base/java.util.ArrayList.forEach(ArrayList.java:1604)
... Removed 29 stack frames]]>
    </failure>
  </testcase> <!-- TC_Auth_DDT_003_EmailValidation -->
</testsuite> <!-- Data-Driven Authentication Tests -->
